2025-09-16 10:09:47 🚨 MAX RISK LIMIT TRIGGERED: {
  "event" : "MAX_RISK_TRIGGERED",
  "timestamp" : "2025-09-16T10:09:47.420",
  "clientId" : "jpmendesnas20",
  "currentTotalLoss" : 2.0,
  "maxRiskLimit" : 0.0,
  "violationPercentage" : 0,
  "action" : "CLOSE_ALL_POSITIONS",
  "severity" : "CRITICAL"
}
2025-09-16 10:09:47 💰 BALANCE UPDATE: {
  "event" : "BALANCE_UPDATE",
  "timestamp" : "2025-09-16T10:09:47.493",
  "clientId" : "jpmendesnas20",
  "previousBalance" : -2.0,
  "newBalance" : -2.0,
  "change" : 0.0,
  "severity" : "INFO"
}
2025-09-16 10:10:01 🚨 MAX RISK LIMIT TRIGGERED: {
  "event" : "MAX_RISK_TRIGGERED",
  "timestamp" : "2025-09-16T10:10:01.222",
  "clientId" : "jpmendesnas20",
  "currentTotalLoss" : 2.0,
  "maxRiskLimit" : 0.0,
  "violationPercentage" : 0,
  "action" : "CLOSE_ALL_POSITIONS",
  "severity" : "CRITICAL"
}
2025-09-16 10:10:01 💰 BALANCE UPDATE: {
  "event" : "BALANCE_UPDATE",
  "timestamp" : "2025-09-16T10:10:01.241",
  "clientId" : "jpmendesnas20",
  "previousBalance" : -2.0,
  "newBalance" : -2.0,
  "change" : 0.0,
  "severity" : "INFO"
}
2025-09-16 16:32:21 🚨 MAX RISK LIMIT TRIGGERED: {
  "event" : "MAX_RISK_TRIGGERED",
  "timestamp" : "2025-09-16T16:32:21.763",
  "clientId" : "jpmendesnas21",
  "currentTotalLoss" : 2.0,
  "maxRiskLimit" : 0.0,
  "violationPercentage" : 0,
  "action" : "CLOSE_ALL_POSITIONS",
  "severity" : "CRITICAL"
}
2025-09-16 16:32:22 💰 BALANCE UPDATE: {
  "event" : "BALANCE_UPDATE",
  "timestamp" : "2025-09-16T16:32:22.029",
  "clientId" : "jpmendesnas21",
  "previousBalance" : 0,
  "newBalance" : -2.0,
  "change" : -2.0,
  "severity" : "INFO"
}
