2025-09-17 02:52:19 [background-preinit] INFO  [] o.h.validator.internal.util.Version - HV000001: Hibernate Validator 8.0.0.Final
2025-09-17 02:52:19 [main] INFO  [] c.i.c.n.NotificationServiceApplication - Starting NotificationServiceApplication using Java 17.0.16 with PID 1 (/app/app.jar started by appuser in /app)
2025-09-17 02:52:19 [main] DEBUG [] c.i.c.n.NotificationServiceApplication - Running with Spring Boot v3.1.0, Spring v6.0.9
2025-09-17 02:52:19 [main] INFO  [] c.i.c.n.NotificationServiceApplication - The following 1 profile is active: "docker"
2025-09-17 02:52:20 [main] INFO  [] o.s.d.r.c.RepositoryConfigurationDelegate - Bootstrapping Spring Data MongoDB repositories in DEFAULT mode.
2025-09-17 02:52:20 [main] INFO  [] o.s.d.r.c.RepositoryConfigurationDelegate - Finished Spring Data repository scanning in 8 ms. Found 0 MongoDB repository interfaces.
2025-09-17 02:52:20 [main] INFO  [] o.s.cloud.context.scope.GenericScope - BeanFactory id=99c632c8-65e1-34c1-84cc-197dcc7c2a60
2025-09-17 02:52:20 [main] INFO  [] o.s.c.s.PostProcessorRegistrationDelegate$BeanPostProcessorChecker - Bean 'com.interview.challenge.shared.client.PositionServiceClient' of type [org.springframework.cloud.openfeign.FeignClientFactoryBean] is not eligible for getting processed by all BeanPostProcessors (for example: not eligible for auto-proxying)
2025-09-17 02:52:20 [main] INFO  [] o.s.c.s.PostProcessorRegistrationDelegate$BeanPostProcessorChecker - Bean 'com.interview.challenge.shared.client.UserServiceClient' of type [org.springframework.cloud.openfeign.FeignClientFactoryBean] is not eligible for getting processed by all BeanPostProcessors (for example: not eligible for auto-proxying)
2025-09-17 02:52:20 [main] INFO  [] o.s.c.s.PostProcessorRegistrationDelegate$BeanPostProcessorChecker - Bean 'com.interview.challenge.shared.client.ArchitectFeignClient' of type [org.springframework.cloud.openfeign.FeignClientFactoryBean] is not eligible for getting processed by all BeanPostProcessors (for example: not eligible for auto-proxying)
2025-09-17 02:52:21 [main] INFO  [] o.s.b.w.e.tomcat.TomcatWebServer - Tomcat initialized with port(s): 8084 (http)
2025-09-17 02:52:21 [main] INFO  [] o.a.coyote.http11.Http11NioProtocol - Initializing ProtocolHandler ["http-nio-8084"]
2025-09-17 02:52:21 [main] INFO  [] o.a.catalina.core.StandardService - Starting service [Tomcat]
2025-09-17 02:52:21 [main] INFO  [] o.a.catalina.core.StandardEngine - Starting Servlet engine: [Apache Tomcat/10.1.8]
2025-09-17 02:52:21 [main] INFO  [] o.a.c.c.C.[Tomcat].[localhost].[/] - Initializing Spring embedded WebApplicationContext
2025-09-17 02:52:21 [main] INFO  [] o.s.b.w.s.c.ServletWebServerApplicationContext - Root WebApplicationContext: initialization completed in 1232 ms
2025-09-17 02:52:21 [main] INFO  [] org.mongodb.driver.client - MongoClient with metadata {"driver": {"name": "mongo-java-driver|sync|spring-boot", "version": "4.9.1"}, "os": {"type": "Linux", "name": "Linux", "architecture": "aarch64", "version": "5.10.104-linuxkit"}, "platform": "Java/Amazon.com Inc./17.0.16+8-LTS"} created with settings MongoClientSettings{readPreference=primary, writeConcern=WriteConcern{w=null, wTimeout=null ms, journal=null}, retryWrites=true, retryReads=true, readConcern=ReadConcern{level=null}, credential=MongoCredential{mechanism=null, userName='admin', source='admin', password=<hidden>, mechanismProperties=<hidden>}, streamFactoryFactory=null, commandListeners=[], codecRegistry=ProvidersCodecRegistry{codecProviders=[ValueCodecProvider{}, BsonValueCodecProvider{}, DBRefCodecProvider{}, DBObjectCodecProvider{}, DocumentCodecProvider{}, CollectionCodecProvider{}, IterableCodecProvider{}, MapCodecProvider{}, GeoJsonCodecProvider{}, GridFSFileCodecProvider{}, Jsr310CodecProvider{}, JsonObjectCodecProvider{}, BsonCodecProvider{}, EnumCodecProvider{}, com.mongodb.client.model.mql.ExpressionCodecProvider@42561fba, com.mongodb.Jep395RecordCodecProvider@595f4da5]}, loggerSettings=LoggerSettings{maxDocumentLength=1000}, clusterSettings={hosts=[mongodb:27017], srvServiceName=mongodb, mode=SINGLE, requiredClusterType=UNKNOWN, requiredReplicaSetName='null', serverSelector='null', clusterListeners='[]', serverSelectionTimeout='30000 ms', localThreshold='30000 ms'}, socketSettings=SocketSettings{connectTimeoutMS=10000, readTimeoutMS=0, receiveBufferSize=0, sendBufferSize=0}, heartbeatSocketSettings=SocketSettings{connectTimeoutMS=10000, readTimeoutMS=10000, receiveBufferSize=0, sendBufferSize=0}, connectionPoolSettings=ConnectionPoolSettings{maxSize=100, minSize=0, maxWaitTimeMS=120000, maxConnectionLifeTimeMS=0, maxConnectionIdleTimeMS=0, maintenanceInitialDelayMS=0, maintenanceFrequencyMS=60000, connectionPoolListeners=[], maxConnecting=2}, serverSettings=ServerSettings{heartbeatFrequencyMS=10000, minHeartbeatFrequencyMS=500, serverListeners='[]', serverMonitorListeners='[]'}, sslSettings=SslSettings{enabled=false, invalidHostNameAllowed=false, context=null}, applicationName='null', compressorList=[], uuidRepresentation=JAVA_LEGACY, serverApi=null, autoEncryptionSettings=null, contextProvider=null}
2025-09-17 02:52:21 [cluster-ClusterId{value='68ca2265d8bbf833acd1d59b', description='null'}-mongodb:27017] INFO  [] org.mongodb.driver.cluster - Monitor thread successfully connected to server with description ServerDescription{address=mongodb:27017, type=STANDALONE, state=CONNECTED, ok=true, minWireVersion=0, maxWireVersion=21, maxDocumentSize=16777216, logicalSessionTimeoutMinutes=30, roundTripTimeNanos=13852084}
2025-09-17 02:52:21 [main] INFO  [] o.a.coyote.http11.Http11NioProtocol - Starting ProtocolHandler ["http-nio-8084"]
2025-09-17 02:52:21 [main] INFO  [] o.s.b.w.e.tomcat.TomcatWebServer - Tomcat started on port(s): 8084 (http) with context path ''
2025-09-17 02:52:21 [main] INFO  [] o.s.a.r.c.CachingConnectionFactory - Attempting to connect to: [rabbitmq:5672]
2025-09-17 02:52:21 [main] INFO  [] o.s.a.r.c.CachingConnectionFactory - Created new connection: rabbitConnectionFactory#4a05d8ae:0/SimpleConnection@c6b2dd9 [delegate=amqp://admin@192.168.160.5:5672/, localPort=46912]
2025-09-17 02:52:21 [main] INFO  [] o.s.m.s.b.SimpleBrokerMessageHandler - Starting...
2025-09-17 02:52:21 [main] INFO  [] o.s.m.s.b.SimpleBrokerMessageHandler - BrokerAvailabilityEvent[available=true, SimpleBrokerMessageHandler [org.springframework.messaging.simp.broker.DefaultSubscriptionRegistry@3ab6678b]]
2025-09-17 02:52:21 [main] INFO  [] o.s.m.s.b.SimpleBrokerMessageHandler - Started.
2025-09-17 02:52:21 [main] INFO  [] c.i.c.n.NotificationServiceApplication - Started NotificationServiceApplication in 2.811 seconds (process running for 3.538)
2025-09-17 02:52:48 [http-nio-8084-exec-1] INFO  [] o.a.c.c.C.[Tomcat].[localhost].[/] - Initializing Spring DispatcherServlet 'dispatcherServlet'
2025-09-17 02:52:48 [http-nio-8084-exec-1] INFO  [] o.s.web.servlet.DispatcherServlet - Initializing Servlet 'dispatcherServlet'
2025-09-17 02:52:48 [http-nio-8084-exec-1] INFO  [] o.s.web.servlet.DispatcherServlet - Completed initialization in 4 ms
2025-09-17 02:53:21 [MessageBroker-1] INFO  [] o.s.w.s.c.WebSocketMessageBrokerStats - WebSocketSession[0 current WS(0)-HttpStream(0)-HttpPoll(0), 0 total, 0 closed abnormally (0 connect failure, 0 send limit, 0 transport error)], stompSubProtocol[processed CONNECT(0)-CONNECTED(0)-DISCONNECT(0)], stompBrokerRelay[null], inboundChannel[pool size = 0, active threads = 0, queued tasks = 0, completed tasks = 0], outboundChannel[pool size = 0, active threads = 0, queued tasks = 0, completed tasks = 0], sockJsScheduler[pool size = 1, active threads = 1, queued tasks = 0, completed tasks = 0]
2025-09-17 03:23:21 [MessageBroker-1] INFO  [] o.s.w.s.c.WebSocketMessageBrokerStats - WebSocketSession[0 current WS(0)-HttpStream(0)-HttpPoll(0), 0 total, 0 closed abnormally (0 connect failure, 0 send limit, 0 transport error)], stompSubProtocol[processed CONNECT(0)-CONNECTED(0)-DISCONNECT(0)], stompBrokerRelay[null], inboundChannel[pool size = 0, active threads = 0, queued tasks = 0, completed tasks = 0], outboundChannel[pool size = 0, active threads = 0, queued tasks = 0, completed tasks = 0], sockJsScheduler[pool size = 2, active threads = 1, queued tasks = 0, completed tasks = 1]
